2025-12-17 20:35:33,623 ERROR: Exception on / [GET] [in C:\Users\eyuph\Desktop\myenv\Lib\site-packages\flask\app.py:875]
Traceback (most recent call last):
  File "C:\Users\eyuph\Desktop\myenv\Lib\site-packages\flask\app.py", line 1511, in wsgi_app
    response = self.full_dispatch_request()
  File "C:\Users\eyuph\Desktop\myenv\Lib\site-packages\flask\app.py", line 919, in full_dispatch_request
    rv = self.handle_user_exception(e)
  File "C:\Users\eyuph\Desktop\myenv\Lib\site-packages\flask\app.py", line 917, in full_dispatch_request
    rv = self.dispatch_request()
  File "C:\Users\eyuph\Desktop\myenv\Lib\site-packages\flask\app.py", line 902, in dispatch_request
    return self.ensure_sync(self.view_functions[rule.endpoint])(**view_args)  # type: ignore[no-any-return]
           ~~~~~~~~~~~~~~~~~~~~~~~~~~~~~~~~~~~~~~~~~~~~~~~~~~~~^^^^^^^^^^^^^
  File "C:\Users\eyuph\Desktop\myenv\Lib\site-packages\flask_login\utils.py", line 290, in decorated_view
    return current_app.ensure_sync(func)(*args, **kwargs)
           ~~~~~~~~~~~~~~~~~~~~~~~~~~~~~^^^^^^^^^^^^^^^^^
  File "C:\Users\eyuph\Desktop\web_lab2\app\routes.py", line 29, in index
    query = current_user.followed_posts()
            ^^^^^^^^^^^^^^^^^^^^^^^^^^^
AttributeError: 'User' object has no attribute 'followed_posts'. Did you mean: 'following_posts'?
2025-12-17 20:36:08,187 INFO: Web Programlama Lab startup [in C:\Users\eyuph\Desktop\web_lab2\app\__init__.py:43]
2025-12-17 23:54:37,916 INFO: Web Programlama Lab startup [in C:\Users\eyuph\Desktop\web_lab2\app\__init__.py:43]
2025-12-17 23:55:26,186 INFO: Web Programlama Lab startup [in C:\Users\eyuph\Desktop\web_lab2\app\__init__.py:43]
2025-12-17 23:59:50,432 INFO: Web Programlama Lab startup [in C:\Users\eyuph\Desktop\web_lab2\app\__init__.py:43]
2025-12-17 23:59:59,582 ERROR: Exception on /user/test2 [GET] [in C:\Users\eyuph\Desktop\myenv\Lib\site-packages\flask\app.py:875]
Traceback (most recent call last):
  File "C:\Users\eyuph\Desktop\myenv\Lib\site-packages\flask\app.py", line 1511, in wsgi_app
    response = self.full_dispatch_request()
  File "C:\Users\eyuph\Desktop\myenv\Lib\site-packages\flask\app.py", line 919, in full_dispatch_request
    rv = self.handle_user_exception(e)
  File "C:\Users\eyuph\Desktop\myenv\Lib\site-packages\flask\app.py", line 917, in full_dispatch_request
    rv = self.dispatch_request()
  File "C:\Users\eyuph\Desktop\myenv\Lib\site-packages\flask\app.py", line 902, in dispatch_request
    return self.ensure_sync(self.view_functions[rule.endpoint])(**view_args)  # type: ignore[no-any-return]
           ~~~~~~~~~~~~~~~~~~~~~~~~~~~~~~~~~~~~~~~~~~~~~~~~~~~~^^^^^^^^^^^^^
  File "C:\Users\eyuph\Desktop\myenv\Lib\site-packages\flask_login\utils.py", line 290, in decorated_view
    return current_app.ensure_sync(func)(*args, **kwargs)
           ~~~~~~~~~~~~~~~~~~~~~~~~~~~~~^^^^^^^^^^^^^^^^^
  File "C:\Users\eyuph\Desktop\web_lab2\app\routes.py", line 91, in user
    return render_template('user.html', user=user, posts=posts, form=form)
  File "C:\Users\eyuph\Desktop\myenv\Lib\site-packages\flask\templating.py", line 150, in render_template
    return _render(app, template, context)
  File "C:\Users\eyuph\Desktop\myenv\Lib\site-packages\flask\templating.py", line 131, in _render
    rv = template.render(context)
  File "C:\Users\eyuph\Desktop\myenv\Lib\site-packages\jinja2\environment.py", line 1295, in render
    self.environment.handle_exception()
    ~~~~~~~~~~~~~~~~~~~~~~~~~~~~~~~~~^^
  File "C:\Users\eyuph\Desktop\myenv\Lib\site-packages\jinja2\environment.py", line 942, in handle_exception
    raise rewrite_traceback_stack(source=source)
  File "C:\Users\eyuph\Desktop\web_lab2\app\templates\user.html", line 1, in top-level template code
    {% extends "base.html" %}
  File "C:\Users\eyuph\Desktop\web_lab2\app\templates\base.html", line 37, in top-level template code
    {% block content %}{% endblock %}
    ^^^^^^^^^^^^^^^^^^^^^
  File "C:\Users\eyuph\Desktop\web_lab2\app\templates\user.html", line 10, in block 'content'
    {% for follower in user.followers %}
    ^^^^^^^^^^^^^^^^^^^^^
  File "C:\Users\eyuph\Desktop\myenv\Lib\site-packages\sqlalchemy\orm\writeonly.py", line 577, in __iter__
    raise TypeError(
    ...<3 lines>...
    )
TypeError: WriteOnly collections don't support iteration in-place; to query for collection items, use the select() method to produce a SQL statement and execute it with session.scalars().
2025-12-18 00:00:01,227 ERROR: Exception on /user/test2 [GET] [in C:\Users\eyuph\Desktop\myenv\Lib\site-packages\flask\app.py:875]
Traceback (most recent call last):
  File "C:\Users\eyuph\Desktop\myenv\Lib\site-packages\flask\app.py", line 1511, in wsgi_app
    response = self.full_dispatch_request()
  File "C:\Users\eyuph\Desktop\myenv\Lib\site-packages\flask\app.py", line 919, in full_dispatch_request
    rv = self.handle_user_exception(e)
  File "C:\Users\eyuph\Desktop\myenv\Lib\site-packages\flask\app.py", line 917, in full_dispatch_request
    rv = self.dispatch_request()
  File "C:\Users\eyuph\Desktop\myenv\Lib\site-packages\flask\app.py", line 902, in dispatch_request
    return self.ensure_sync(self.view_functions[rule.endpoint])(**view_args)  # type: ignore[no-any-return]
           ~~~~~~~~~~~~~~~~~~~~~~~~~~~~~~~~~~~~~~~~~~~~~~~~~~~~^^^^^^^^^^^^^
  File "C:\Users\eyuph\Desktop\myenv\Lib\site-packages\flask_login\utils.py", line 290, in decorated_view
    return current_app.ensure_sync(func)(*args, **kwargs)
           ~~~~~~~~~~~~~~~~~~~~~~~~~~~~~^^^^^^^^^^^^^^^^^
  File "C:\Users\eyuph\Desktop\web_lab2\app\routes.py", line 91, in user
    return render_template('user.html', user=user, posts=posts, form=form)
  File "C:\Users\eyuph\Desktop\myenv\Lib\site-packages\flask\templating.py", line 150, in render_template
    return _render(app, template, context)
  File "C:\Users\eyuph\Desktop\myenv\Lib\site-packages\flask\templating.py", line 131, in _render
    rv = template.render(context)
  File "C:\Users\eyuph\Desktop\myenv\Lib\site-packages\jinja2\environment.py", line 1295, in render
    self.environment.handle_exception()
    ~~~~~~~~~~~~~~~~~~~~~~~~~~~~~~~~~^^
  File "C:\Users\eyuph\Desktop\myenv\Lib\site-packages\jinja2\environment.py", line 942, in handle_exception
    raise rewrite_traceback_stack(source=source)
  File "C:\Users\eyuph\Desktop\web_lab2\app\templates\user.html", line 1, in top-level template code
    {% extends "base.html" %}
  File "C:\Users\eyuph\Desktop\web_lab2\app\templates\base.html", line 37, in top-level template code
    {% block content %}{% endblock %}
    ^^^^^^^^^^^^^^^^^^^^^
  File "C:\Users\eyuph\Desktop\web_lab2\app\templates\user.html", line 10, in block 'content'
    {% for follower in user.followers %}
    ^^^^^^^^^^^^^^^^^^^^^
  File "C:\Users\eyuph\Desktop\myenv\Lib\site-packages\sqlalchemy\orm\writeonly.py", line 577, in __iter__
    raise TypeError(
    ...<3 lines>...
    )
TypeError: WriteOnly collections don't support iteration in-place; to query for collection items, use the select() method to produce a SQL statement and execute it with session.scalars().
2025-12-18 00:07:30,886 INFO: Web Programlama Lab startup [in C:\Users\eyuph\Desktop\web_lab2\app\__init__.py:43]
2025-12-18 00:10:13,313 INFO: Web Programlama Lab startup [in C:\Users\eyuph\Desktop\web_lab2\app\__init__.py:43]
2025-12-18 14:04:24,783 INFO: Web Programlama Lab startup [in C:\Users\eyuph\Desktop\web_lab2\app\__init__.py:43]
2025-12-18 14:31:16,785 INFO: Web Programlama Lab startup [in C:\Users\eyuph\Desktop\web_lab2\app\__init__.py:43]
2025-12-18 14:37:38,335 INFO: Web Programlama Lab startup [in C:\Users\eyuph\Desktop\web_lab2\app\__init__.py:43]
2025-12-18 14:38:35,907 INFO: Web Programlama Lab startup [in C:\Users\eyuph\Desktop\web_lab2\app\__init__.py:43]
2025-12-18 14:40:00,745 INFO: Web Programlama Lab startup [in C:\Users\eyuph\Desktop\web_lab2\app\__init__.py:43]
2025-12-18 14:43:00,927 INFO: Web Programlama Lab startup [in C:\Users\eyuph\Desktop\web_lab2\app\__init__.py:43]
2025-12-18 14:43:05,200 ERROR: Exception on /following [GET] [in C:\Users\eyuph\Desktop\myenv\Lib\site-packages\flask\app.py:875]
Traceback (most recent call last):
  File "C:\Users\eyuph\Desktop\myenv\Lib\site-packages\flask\app.py", line 1511, in wsgi_app
    response = self.full_dispatch_request()
  File "C:\Users\eyuph\Desktop\myenv\Lib\site-packages\flask\app.py", line 919, in full_dispatch_request
    rv = self.handle_user_exception(e)
  File "C:\Users\eyuph\Desktop\myenv\Lib\site-packages\flask\app.py", line 917, in full_dispatch_request
    rv = self.dispatch_request()
  File "C:\Users\eyuph\Desktop\myenv\Lib\site-packages\flask\app.py", line 902, in dispatch_request
    return self.ensure_sync(self.view_functions[rule.endpoint])(**view_args)  # type: ignore[no-any-return]
           ~~~~~~~~~~~~~~~~~~~~~~~~~~~~~~~~~~~~~~~~~~~~~~~~~~~~^^^^^^^^^^^^^
  File "C:\Users\eyuph\Desktop\myenv\Lib\site-packages\flask_login\utils.py", line 290, in decorated_view
    return current_app.ensure_sync(func)(*args, **kwargs)
           ~~~~~~~~~~~~~~~~~~~~~~~~~~~~~^^^^^^^^^^^^^^^^^
TypeError: following() missing 1 required positional argument: 'username'
