2025-12-24 18:32:03,951 ERROR: Exception on /index [GET] [in C:\Users\eyuph\Desktop\myenv\Lib\site-packages\flask\app.py:875]
Traceback (most recent call last):
  File "C:\Users\eyuph\Desktop\myenv\Lib\site-packages\flask\app.py", line 1511, in wsgi_app
    response = self.full_dispatch_request()
  File "C:\Users\eyuph\Desktop\myenv\Lib\site-packages\flask\app.py", line 919, in full_dispatch_request
    rv = self.handle_user_exception(e)
  File "C:\Users\eyuph\Desktop\myenv\Lib\site-packages\flask\app.py", line 917, in full_dispatch_request
    rv = self.dispatch_request()
  File "C:\Users\eyuph\Desktop\myenv\Lib\site-packages\flask\app.py", line 902, in dispatch_request
    return self.ensure_sync(self.view_functions[rule.endpoint])(**view_args)  # type: ignore[no-any-return]
           ~~~~~~~~~~~~~~~~~~~~~~~~~~~~~~~~~~~~~~~~~~~~~~~~~~~~^^^^^^^^^^^^^
  File "C:\Users\eyuph\Desktop\myenv\Lib\site-packages\flask_login\utils.py", line 290, in decorated_view
    return current_app.ensure_sync(func)(*args, **kwargs)
           ~~~~~~~~~~~~~~~~~~~~~~~~~~~~~^^^^^^^^^^^^^^^^^
  File "C:\Users\eyuph\Desktop\web_lab2\app\routes.py", line 25, in index
    posts = db.session.scalars(current_user.followed_posts()).all()
                               ^^^^^^^^^^^^^^^^^^^^^^^^^^^
AttributeError: 'User' object has no attribute 'followed_posts'. Did you mean: 'following_posts'?
2025-12-24 18:32:22,229 ERROR: Exception on /index [GET] [in C:\Users\eyuph\Desktop\myenv\Lib\site-packages\flask\app.py:875]
Traceback (most recent call last):
  File "C:\Users\eyuph\Desktop\myenv\Lib\site-packages\flask\app.py", line 1511, in wsgi_app
    response = self.full_dispatch_request()
  File "C:\Users\eyuph\Desktop\myenv\Lib\site-packages\flask\app.py", line 919, in full_dispatch_request
    rv = self.handle_user_exception(e)
  File "C:\Users\eyuph\Desktop\myenv\Lib\site-packages\flask\app.py", line 917, in full_dispatch_request
    rv = self.dispatch_request()
  File "C:\Users\eyuph\Desktop\myenv\Lib\site-packages\flask\app.py", line 902, in dispatch_request
    return self.ensure_sync(self.view_functions[rule.endpoint])(**view_args)  # type: ignore[no-any-return]
           ~~~~~~~~~~~~~~~~~~~~~~~~~~~~~~~~~~~~~~~~~~~~~~~~~~~~^^^^^^^^^^^^^
  File "C:\Users\eyuph\Desktop\myenv\Lib\site-packages\flask_login\utils.py", line 290, in decorated_view
    return current_app.ensure_sync(func)(*args, **kwargs)
           ~~~~~~~~~~~~~~~~~~~~~~~~~~~~~^^^^^^^^^^^^^^^^^
  File "C:\Users\eyuph\Desktop\web_lab2\app\routes.py", line 25, in index
    posts = db.session.scalars(current_user.followed_posts()).all()
                               ^^^^^^^^^^^^^^^^^^^^^^^^^^^
AttributeError: 'User' object has no attribute 'followed_posts'. Did you mean: 'following_posts'?
2025-12-24 18:32:25,799 ERROR: Exception on /index [GET] [in C:\Users\eyuph\Desktop\myenv\Lib\site-packages\flask\app.py:875]
Traceback (most recent call last):
  File "C:\Users\eyuph\Desktop\myenv\Lib\site-packages\flask\app.py", line 1511, in wsgi_app
    response = self.full_dispatch_request()
  File "C:\Users\eyuph\Desktop\myenv\Lib\site-packages\flask\app.py", line 919, in full_dispatch_request
    rv = self.handle_user_exception(e)
  File "C:\Users\eyuph\Desktop\myenv\Lib\site-packages\flask\app.py", line 917, in full_dispatch_request
    rv = self.dispatch_request()
  File "C:\Users\eyuph\Desktop\myenv\Lib\site-packages\flask\app.py", line 902, in dispatch_request
    return self.ensure_sync(self.view_functions[rule.endpoint])(**view_args)  # type: ignore[no-any-return]
           ~~~~~~~~~~~~~~~~~~~~~~~~~~~~~~~~~~~~~~~~~~~~~~~~~~~~^^^^^^^^^^^^^
  File "C:\Users\eyuph\Desktop\myenv\Lib\site-packages\flask_login\utils.py", line 290, in decorated_view
    return current_app.ensure_sync(func)(*args, **kwargs)
           ~~~~~~~~~~~~~~~~~~~~~~~~~~~~~^^^^^^^^^^^^^^^^^
  File "C:\Users\eyuph\Desktop\web_lab2\app\routes.py", line 25, in index
    posts = db.session.scalars(current_user.followed_posts()).all()
                               ^^^^^^^^^^^^^^^^^^^^^^^^^^^
AttributeError: 'User' object has no attribute 'followed_posts'. Did you mean: 'following_posts'?
2025-12-24 18:32:33,723 ERROR: Exception on /index [GET] [in C:\Users\eyuph\Desktop\myenv\Lib\site-packages\flask\app.py:875]
Traceback (most recent call last):
  File "C:\Users\eyuph\Desktop\myenv\Lib\site-packages\flask\app.py", line 1511, in wsgi_app
    response = self.full_dispatch_request()
  File "C:\Users\eyuph\Desktop\myenv\Lib\site-packages\flask\app.py", line 919, in full_dispatch_request
    rv = self.handle_user_exception(e)
  File "C:\Users\eyuph\Desktop\myenv\Lib\site-packages\flask\app.py", line 917, in full_dispatch_request
    rv = self.dispatch_request()
  File "C:\Users\eyuph\Desktop\myenv\Lib\site-packages\flask\app.py", line 902, in dispatch_request
    return self.ensure_sync(self.view_functions[rule.endpoint])(**view_args)  # type: ignore[no-any-return]
           ~~~~~~~~~~~~~~~~~~~~~~~~~~~~~~~~~~~~~~~~~~~~~~~~~~~~^^^^^^^^^^^^^
  File "C:\Users\eyuph\Desktop\myenv\Lib\site-packages\flask_login\utils.py", line 290, in decorated_view
    return current_app.ensure_sync(func)(*args, **kwargs)
           ~~~~~~~~~~~~~~~~~~~~~~~~~~~~~^^^^^^^^^^^^^^^^^
  File "C:\Users\eyuph\Desktop\web_lab2\app\routes.py", line 25, in index
    posts = db.session.scalars(current_user.followed_posts()).all()
                               ^^^^^^^^^^^^^^^^^^^^^^^^^^^
AttributeError: 'User' object has no attribute 'followed_posts'. Did you mean: 'following_posts'?
2025-12-24 18:32:48,282 ERROR: Exception on /index [GET] [in C:\Users\eyuph\Desktop\myenv\Lib\site-packages\flask\app.py:875]
Traceback (most recent call last):
  File "C:\Users\eyuph\Desktop\myenv\Lib\site-packages\flask\app.py", line 1511, in wsgi_app
    response = self.full_dispatch_request()
  File "C:\Users\eyuph\Desktop\myenv\Lib\site-packages\flask\app.py", line 919, in full_dispatch_request
    rv = self.handle_user_exception(e)
  File "C:\Users\eyuph\Desktop\myenv\Lib\site-packages\flask\app.py", line 917, in full_dispatch_request
    rv = self.dispatch_request()
  File "C:\Users\eyuph\Desktop\myenv\Lib\site-packages\flask\app.py", line 902, in dispatch_request
    return self.ensure_sync(self.view_functions[rule.endpoint])(**view_args)  # type: ignore[no-any-return]
           ~~~~~~~~~~~~~~~~~~~~~~~~~~~~~~~~~~~~~~~~~~~~~~~~~~~~^^^^^^^^^^^^^
  File "C:\Users\eyuph\Desktop\myenv\Lib\site-packages\flask_login\utils.py", line 290, in decorated_view
    return current_app.ensure_sync(func)(*args, **kwargs)
           ~~~~~~~~~~~~~~~~~~~~~~~~~~~~~^^^^^^^^^^^^^^^^^
  File "C:\Users\eyuph\Desktop\web_lab2\app\routes.py", line 25, in index
    posts = db.session.scalars(current_user.followed_posts()).all()
                               ^^^^^^^^^^^^^^^^^^^^^^^^^^^
AttributeError: 'User' object has no attribute 'followed_posts'. Did you mean: 'following_posts'?
2025-12-24 18:32:48,337 ERROR: Exception on /index [GET] [in C:\Users\eyuph\Desktop\myenv\Lib\site-packages\flask\app.py:875]
Traceback (most recent call last):
  File "C:\Users\eyuph\Desktop\myenv\Lib\site-packages\flask\app.py", line 1511, in wsgi_app
    response = self.full_dispatch_request()
  File "C:\Users\eyuph\Desktop\myenv\Lib\site-packages\flask\app.py", line 919, in full_dispatch_request
    rv = self.handle_user_exception(e)
  File "C:\Users\eyuph\Desktop\myenv\Lib\site-packages\flask\app.py", line 917, in full_dispatch_request
    rv = self.dispatch_request()
  File "C:\Users\eyuph\Desktop\myenv\Lib\site-packages\flask\app.py", line 902, in dispatch_request
    return self.ensure_sync(self.view_functions[rule.endpoint])(**view_args)  # type: ignore[no-any-return]
           ~~~~~~~~~~~~~~~~~~~~~~~~~~~~~~~~~~~~~~~~~~~~~~~~~~~~^^^^^^^^^^^^^
  File "C:\Users\eyuph\Desktop\myenv\Lib\site-packages\flask_login\utils.py", line 290, in decorated_view
    return current_app.ensure_sync(func)(*args, **kwargs)
           ~~~~~~~~~~~~~~~~~~~~~~~~~~~~~^^^^^^^^^^^^^^^^^
  File "C:\Users\eyuph\Desktop\web_lab2\app\routes.py", line 25, in index
    posts = db.session.scalars(current_user.followed_posts()).all()
                               ^^^^^^^^^^^^^^^^^^^^^^^^^^^
AttributeError: 'User' object has no attribute 'followed_posts'. Did you mean: 'following_posts'?
2025-12-24 18:34:23,895 INFO: Web Programlama Lab startup [in C:\Users\eyuph\Desktop\web_lab2\app\__init__.py:43]
2025-12-24 18:34:28,331 ERROR: Exception on /index [GET] [in C:\Users\eyuph\Desktop\myenv\Lib\site-packages\flask\app.py:875]
Traceback (most recent call last):
  File "C:\Users\eyuph\Desktop\myenv\Lib\site-packages\flask\app.py", line 1511, in wsgi_app
    response = self.full_dispatch_request()
  File "C:\Users\eyuph\Desktop\myenv\Lib\site-packages\flask\app.py", line 919, in full_dispatch_request
    rv = self.handle_user_exception(e)
  File "C:\Users\eyuph\Desktop\myenv\Lib\site-packages\flask\app.py", line 917, in full_dispatch_request
    rv = self.dispatch_request()
  File "C:\Users\eyuph\Desktop\myenv\Lib\site-packages\flask\app.py", line 902, in dispatch_request
    return self.ensure_sync(self.view_functions[rule.endpoint])(**view_args)  # type: ignore[no-any-return]
           ~~~~~~~~~~~~~~~~~~~~~~~~~~~~~~~~~~~~~~~~~~~~~~~~~~~~^^^^^^^^^^^^^
  File "C:\Users\eyuph\Desktop\myenv\Lib\site-packages\flask_login\utils.py", line 290, in decorated_view
    return current_app.ensure_sync(func)(*args, **kwargs)
           ~~~~~~~~~~~~~~~~~~~~~~~~~~~~~^^^^^^^^^^^^^^^^^
  File "C:\Users\eyuph\Desktop\web_lab2\app\routes.py", line 25, in index
    posts = db.session.scalars(current_user.following_posts()).all()
                               ~~~~~~~~~~~~~~~~~~~~~~~~~~~~^^
  File "C:\Users\eyuph\Desktop\web_lab2\app\models.py", line 75, in following_posts
    Author = sa.aliased(User)
             ^^^^^^^^^^
AttributeError: module 'sqlalchemy' has no attribute 'aliased'. Did you mean: 'alias'?
2025-12-24 18:35:59,686 INFO: Web Programlama Lab startup [in C:\Users\eyuph\Desktop\web_lab2\app\__init__.py:43]
