2025-12-24 18:36:01,130 ERROR: Exception on / [GET] [in C:\Users\eyuph\Desktop\myenv\Lib\site-packages\flask\app.py:875]
Traceback (most recent call last):
  File "C:\Users\eyuph\Desktop\myenv\Lib\site-packages\flask\app.py", line 1511, in wsgi_app
    response = self.full_dispatch_request()
  File "C:\Users\eyuph\Desktop\myenv\Lib\site-packages\flask\app.py", line 919, in full_dispatch_request
    rv = self.handle_user_exception(e)
  File "C:\Users\eyuph\Desktop\myenv\Lib\site-packages\flask\app.py", line 917, in full_dispatch_request
    rv = self.dispatch_request()
  File "C:\Users\eyuph\Desktop\myenv\Lib\site-packages\flask\app.py", line 902, in dispatch_request
    return self.ensure_sync(self.view_functions[rule.endpoint])(**view_args)  # type: ignore[no-any-return]
           ~~~~~~~~~~~~~~~~~~~~~~~~~~~~~~~~~~~~~~~~~~~~~~~~~~~~^^^^^^^^^^^^^
  File "C:\Users\eyuph\Desktop\myenv\Lib\site-packages\flask_login\utils.py", line 290, in decorated_view
    return current_app.ensure_sync(func)(*args, **kwargs)
           ~~~~~~~~~~~~~~~~~~~~~~~~~~~~~^^^^^^^^^^^^^^^^^
  File "C:\Users\eyuph\Desktop\web_lab2\app\routes.py", line 24, in index
    posts = db.session.scalars(current_user.following_posts()).all()
                               ~~~~~~~~~~~~~~~~~~~~~~~~~~~~^^
  File "C:\Users\eyuph\Desktop\web_lab2\app\models.py", line 75, in following_posts
    Author = sa.aliased(User)
             ^^^^^^^^^^
AttributeError: module 'sqlalchemy' has no attribute 'aliased'. Did you mean: 'alias'?
2025-12-24 18:36:14,111 ERROR: Exception on /index [GET] [in C:\Users\eyuph\Desktop\myenv\Lib\site-packages\flask\app.py:875]
Traceback (most recent call last):
  File "C:\Users\eyuph\Desktop\myenv\Lib\site-packages\flask\app.py", line 1511, in wsgi_app
    response = self.full_dispatch_request()
  File "C:\Users\eyuph\Desktop\myenv\Lib\site-packages\flask\app.py", line 919, in full_dispatch_request
    rv = self.handle_user_exception(e)
  File "C:\Users\eyuph\Desktop\myenv\Lib\site-packages\flask\app.py", line 917, in full_dispatch_request
    rv = self.dispatch_request()
  File "C:\Users\eyuph\Desktop\myenv\Lib\site-packages\flask\app.py", line 902, in dispatch_request
    return self.ensure_sync(self.view_functions[rule.endpoint])(**view_args)  # type: ignore[no-any-return]
           ~~~~~~~~~~~~~~~~~~~~~~~~~~~~~~~~~~~~~~~~~~~~~~~~~~~~^^^^^^^^^^^^^
  File "C:\Users\eyuph\Desktop\myenv\Lib\site-packages\flask_login\utils.py", line 290, in decorated_view
    return current_app.ensure_sync(func)(*args, **kwargs)
           ~~~~~~~~~~~~~~~~~~~~~~~~~~~~~^^^^^^^^^^^^^^^^^
  File "C:\Users\eyuph\Desktop\web_lab2\app\routes.py", line 24, in index
    posts = db.session.scalars(current_user.following_posts()).all()
                               ~~~~~~~~~~~~~~~~~~~~~~~~~~~~^^
  File "C:\Users\eyuph\Desktop\web_lab2\app\models.py", line 75, in following_posts
    Author = sa.aliased(User)
             ^^^^^^^^^^
AttributeError: module 'sqlalchemy' has no attribute 'aliased'. Did you mean: 'alias'?
2025-12-24 18:40:47,636 INFO: Web Programlama Lab startup [in C:\Users\eyuph\Desktop\web_lab2\app\__init__.py:43]
2025-12-24 18:40:49,174 ERROR: Exception on / [GET] [in C:\Users\eyuph\Desktop\myenv\Lib\site-packages\flask\app.py:875]
Traceback (most recent call last):
  File "C:\Users\eyuph\Desktop\myenv\Lib\site-packages\flask\app.py", line 1511, in wsgi_app
    response = self.full_dispatch_request()
  File "C:\Users\eyuph\Desktop\myenv\Lib\site-packages\flask\app.py", line 919, in full_dispatch_request
    rv = self.handle_user_exception(e)
  File "C:\Users\eyuph\Desktop\myenv\Lib\site-packages\flask\app.py", line 917, in full_dispatch_request
    rv = self.dispatch_request()
  File "C:\Users\eyuph\Desktop\myenv\Lib\site-packages\flask\app.py", line 902, in dispatch_request
    return self.ensure_sync(self.view_functions[rule.endpoint])(**view_args)  # type: ignore[no-any-return]
           ~~~~~~~~~~~~~~~~~~~~~~~~~~~~~~~~~~~~~~~~~~~~~~~~~~~~^^^^^^^^^^^^^
  File "C:\Users\eyuph\Desktop\myenv\Lib\site-packages\flask_login\utils.py", line 290, in decorated_view
    return current_app.ensure_sync(func)(*args, **kwargs)
           ~~~~~~~~~~~~~~~~~~~~~~~~~~~~~^^^^^^^^^^^^^^^^^
  File "C:\Users\eyuph\Desktop\web_lab2\app\routes.py", line 24, in index
    posts = db.session.scalars(current_user.following_posts()).all()
                               ~~~~~~~~~~~~~~~~~~~~~~~~~~~~^^
  File "C:\Users\eyuph\Desktop\web_lab2\app\models.py", line 75, in following_posts
    Author = sa.aliased(User)
             ^^^^^^^^^^
AttributeError: module 'sqlalchemy' has no attribute 'aliased'. Did you mean: 'alias'?
2025-12-24 18:41:00,349 INFO: Web Programlama Lab startup [in C:\Users\eyuph\Desktop\web_lab2\app\__init__.py:43]
2025-12-24 18:41:09,211 ERROR: Exception on /index [GET] [in C:\Users\eyuph\Desktop\myenv\Lib\site-packages\flask\app.py:875]
Traceback (most recent call last):
  File "C:\Users\eyuph\Desktop\myenv\Lib\site-packages\flask\app.py", line 1511, in wsgi_app
    response = self.full_dispatch_request()
  File "C:\Users\eyuph\Desktop\myenv\Lib\site-packages\flask\app.py", line 919, in full_dispatch_request
    rv = self.handle_user_exception(e)
  File "C:\Users\eyuph\Desktop\myenv\Lib\site-packages\flask\app.py", line 917, in full_dispatch_request
    rv = self.dispatch_request()
  File "C:\Users\eyuph\Desktop\myenv\Lib\site-packages\flask\app.py", line 902, in dispatch_request
    return self.ensure_sync(self.view_functions[rule.endpoint])(**view_args)  # type: ignore[no-any-return]
           ~~~~~~~~~~~~~~~~~~~~~~~~~~~~~~~~~~~~~~~~~~~~~~~~~~~~^^^^^^^^^^^^^
  File "C:\Users\eyuph\Desktop\myenv\Lib\site-packages\flask_login\utils.py", line 290, in decorated_view
    return current_app.ensure_sync(func)(*args, **kwargs)
           ~~~~~~~~~~~~~~~~~~~~~~~~~~~~~^^^^^^^^^^^^^^^^^
  File "C:\Users\eyuph\Desktop\web_lab2\app\routes.py", line 24, in index
    posts = db.session.scalars(current_user.following_posts()).all()
                               ~~~~~~~~~~~~~~~~~~~~~~~~~~~~^^
  File "C:\Users\eyuph\Desktop\web_lab2\app\models.py", line 75, in following_posts
    Author = sa.aliased(User)
             ^^^^^^^^^^
AttributeError: module 'sqlalchemy' has no attribute 'aliased'. Did you mean: 'alias'?
2025-12-24 18:41:27,615 ERROR: Exception on /index [GET] [in C:\Users\eyuph\Desktop\myenv\Lib\site-packages\flask\app.py:875]
Traceback (most recent call last):
  File "C:\Users\eyuph\Desktop\myenv\Lib\site-packages\flask\app.py", line 1511, in wsgi_app
    response = self.full_dispatch_request()
  File "C:\Users\eyuph\Desktop\myenv\Lib\site-packages\flask\app.py", line 919, in full_dispatch_request
    rv = self.handle_user_exception(e)
  File "C:\Users\eyuph\Desktop\myenv\Lib\site-packages\flask\app.py", line 917, in full_dispatch_request
    rv = self.dispatch_request()
  File "C:\Users\eyuph\Desktop\myenv\Lib\site-packages\flask\app.py", line 902, in dispatch_request
    return self.ensure_sync(self.view_functions[rule.endpoint])(**view_args)  # type: ignore[no-any-return]
           ~~~~~~~~~~~~~~~~~~~~~~~~~~~~~~~~~~~~~~~~~~~~~~~~~~~~^^^^^^^^^^^^^
  File "C:\Users\eyuph\Desktop\myenv\Lib\site-packages\flask_login\utils.py", line 290, in decorated_view
    return current_app.ensure_sync(func)(*args, **kwargs)
           ~~~~~~~~~~~~~~~~~~~~~~~~~~~~~^^^^^^^^^^^^^^^^^
  File "C:\Users\eyuph\Desktop\web_lab2\app\routes.py", line 24, in index
    posts = db.session.scalars(current_user.following_posts()).all()
                               ~~~~~~~~~~~~~~~~~~~~~~~~~~~~^^
  File "C:\Users\eyuph\Desktop\web_lab2\app\models.py", line 75, in following_posts
    Author = sa.aliased(User)
             ^^^^^^^^^^
AttributeError: module 'sqlalchemy' has no attribute 'aliased'. Did you mean: 'alias'?
2025-12-24 18:41:27,666 ERROR: Exception on /index [GET] [in C:\Users\eyuph\Desktop\myenv\Lib\site-packages\flask\app.py:875]
Traceback (most recent call last):
  File "C:\Users\eyuph\Desktop\myenv\Lib\site-packages\flask\app.py", line 1511, in wsgi_app
    response = self.full_dispatch_request()
  File "C:\Users\eyuph\Desktop\myenv\Lib\site-packages\flask\app.py", line 919, in full_dispatch_request
    rv = self.handle_user_exception(e)
  File "C:\Users\eyuph\Desktop\myenv\Lib\site-packages\flask\app.py", line 917, in full_dispatch_request
    rv = self.dispatch_request()
  File "C:\Users\eyuph\Desktop\myenv\Lib\site-packages\flask\app.py", line 902, in dispatch_request
    return self.ensure_sync(self.view_functions[rule.endpoint])(**view_args)  # type: ignore[no-any-return]
           ~~~~~~~~~~~~~~~~~~~~~~~~~~~~~~~~~~~~~~~~~~~~~~~~~~~~^^^^^^^^^^^^^
  File "C:\Users\eyuph\Desktop\myenv\Lib\site-packages\flask_login\utils.py", line 290, in decorated_view
    return current_app.ensure_sync(func)(*args, **kwargs)
           ~~~~~~~~~~~~~~~~~~~~~~~~~~~~~^^^^^^^^^^^^^^^^^
  File "C:\Users\eyuph\Desktop\web_lab2\app\routes.py", line 24, in index
    posts = db.session.scalars(current_user.following_posts()).all()
                               ~~~~~~~~~~~~~~~~~~~~~~~~~~~~^^
  File "C:\Users\eyuph\Desktop\web_lab2\app\models.py", line 75, in following_posts
    Author = sa.aliased(User)
             ^^^^^^^^^^
AttributeError: module 'sqlalchemy' has no attribute 'aliased'. Did you mean: 'alias'?
2025-12-24 18:42:16,854 INFO: Web Programlama Lab startup [in C:\Users\eyuph\Desktop\web_lab2\app\__init__.py:43]
